<?xml version="1.0" encoding="UTF-8"?>
<testsuite xmlns:xsi="http://www.w3.org/2001/XMLSchema-instance" xsi:noNamespaceSchemaLocation="https://maven.apache.org/surefire/maven-surefire-plugin/xsd/surefire-test-report-3.0.xsd" version="3.0" name="uk.aspyr.stl4j.Tuple4Test" time="0.065" tests="13" errors="0" skipped="0" failures="0">
  <properties>
    <property name="gopherProxySet" value="false"/>
    <property name="awt.toolkit" value="sun.lwawt.macosx.LWCToolkit"/>
    <property name="file.encoding.pkg" value="sun.io"/>
    <property name="java.specification.version" value="1.8"/>
    <property name="sun.cpu.isalist" value=""/>
    <property name="sun.jnu.encoding" value="UTF-8"/>
    <property name="java.class.path" value="/Users/darren.bell/dev/my/github/repos/stl4j/target/test-classes:/Users/darren.bell/dev/my/github/repos/stl4j/target/classes:/Users/darren.bell/.m2/repository/commons-lang/commons-lang/2.6/commons-lang-2.6.jar:/Users/darren.bell/.m2/repository/org/junit/jupiter/junit-jupiter/5.9.0/junit-jupiter-5.9.0.jar:/Users/darren.bell/.m2/repository/org/junit/jupiter/junit-jupiter-api/5.9.0/junit-jupiter-api-5.9.0.jar:/Users/darren.bell/.m2/repository/org/opentest4j/opentest4j/1.2.0/opentest4j-1.2.0.jar:/Users/darren.bell/.m2/repository/org/junit/platform/junit-platform-commons/1.9.0/junit-platform-commons-1.9.0.jar:/Users/darren.bell/.m2/repository/org/apiguardian/apiguardian-api/1.1.2/apiguardian-api-1.1.2.jar:/Users/darren.bell/.m2/repository/org/junit/jupiter/junit-jupiter-params/5.9.0/junit-jupiter-params-5.9.0.jar:/Users/darren.bell/.m2/repository/org/junit/jupiter/junit-jupiter-engine/5.9.0/junit-jupiter-engine-5.9.0.jar:/Users/darren.bell/.m2/repository/org/junit/platform/junit-platform-engine/1.9.0/junit-platform-engine-1.9.0.jar:/Users/darren.bell/.m2/repository/org/assertj/assertj-core/3.23.1/assertj-core-3.23.1.jar:/Users/darren.bell/.m2/repository/net/bytebuddy/byte-buddy/1.12.10/byte-buddy-1.12.10.jar:/Users/darren.bell/.m2/repository/nl/jqno/equalsverifier/equalsverifier/3.10.1/equalsverifier-3.10.1.jar:/Users/darren.bell/.m2/repository/org/objenesis/objenesis/3.2/objenesis-3.2.jar:"/>
    <property name="java.vm.vendor" value="AdoptOpenJDK"/>
    <property name="sun.arch.data.model" value="64"/>
    <property name="java.vendor.url" value="https://adoptopenjdk.net/"/>
    <property name="user.timezone" value="Europe/London"/>
    <property name="java.vm.specification.version" value="1.8"/>
    <property name="os.name" value="Mac OS X"/>
    <property name="user.country" value="GB"/>
    <property name="sun.java.launcher" value="SUN_STANDARD"/>
    <property name="sun.boot.library.path" value="/Users/darren.bell/.sdkman/candidates/java/8.0.292.hs-adpt/jre/lib"/>
    <property name="sun.java.command" value="/Users/darren.bell/dev/my/github/repos/stl4j/target/surefire/surefirebooter-20220821211711370_3.jar /Users/darren.bell/dev/my/github/repos/stl4j/target/surefire 2022-08-21T21-17-11_107-jvmRun1 surefire-20220821211711370_1tmp surefire_0-20220821211711370_2tmp"/>
    <property name="http.nonProxyHosts" value="local|*.local|169.254/16|*.169.254/16"/>
    <property name="surefire.test.class.path" value="/Users/darren.bell/dev/my/github/repos/stl4j/target/test-classes:/Users/darren.bell/dev/my/github/repos/stl4j/target/classes:/Users/darren.bell/.m2/repository/commons-lang/commons-lang/2.6/commons-lang-2.6.jar:/Users/darren.bell/.m2/repository/org/junit/jupiter/junit-jupiter/5.9.0/junit-jupiter-5.9.0.jar:/Users/darren.bell/.m2/repository/org/junit/jupiter/junit-jupiter-api/5.9.0/junit-jupiter-api-5.9.0.jar:/Users/darren.bell/.m2/repository/org/opentest4j/opentest4j/1.2.0/opentest4j-1.2.0.jar:/Users/darren.bell/.m2/repository/org/junit/platform/junit-platform-commons/1.9.0/junit-platform-commons-1.9.0.jar:/Users/darren.bell/.m2/repository/org/apiguardian/apiguardian-api/1.1.2/apiguardian-api-1.1.2.jar:/Users/darren.bell/.m2/repository/org/junit/jupiter/junit-jupiter-params/5.9.0/junit-jupiter-params-5.9.0.jar:/Users/darren.bell/.m2/repository/org/junit/jupiter/junit-jupiter-engine/5.9.0/junit-jupiter-engine-5.9.0.jar:/Users/darren.bell/.m2/repository/org/junit/platform/junit-platform-engine/1.9.0/junit-platform-engine-1.9.0.jar:/Users/darren.bell/.m2/repository/org/assertj/assertj-core/3.23.1/assertj-core-3.23.1.jar:/Users/darren.bell/.m2/repository/net/bytebuddy/byte-buddy/1.12.10/byte-buddy-1.12.10.jar:/Users/darren.bell/.m2/repository/nl/jqno/equalsverifier/equalsverifier/3.10.1/equalsverifier-3.10.1.jar:/Users/darren.bell/.m2/repository/org/objenesis/objenesis/3.2/objenesis-3.2.jar:"/>
    <property name="sun.cpu.endian" value="little"/>
    <property name="user.home" value="/Users/darren.bell"/>
    <property name="user.language" value="en"/>
    <property name="java.specification.vendor" value="Oracle Corporation"/>
    <property name="java.home" value="/Users/darren.bell/.sdkman/candidates/java/8.0.292.hs-adpt/jre"/>
    <property name="basedir" value="/Users/darren.bell/dev/my/github/repos/stl4j"/>
    <property name="file.separator" value="/"/>
    <property name="line.separator" value="&#10;"/>
    <property name="java.vm.specification.vendor" value="Oracle Corporation"/>
    <property name="java.specification.name" value="Java Platform API Specification"/>
    <property name="java.awt.graphicsenv" value="sun.awt.CGraphicsEnvironment"/>
    <property name="surefire.real.class.path" value="/Users/darren.bell/dev/my/github/repos/stl4j/target/surefire/surefirebooter-20220821211711370_3.jar"/>
    <property name="sun.boot.class.path" value="/Users/darren.bell/.sdkman/candidates/java/8.0.292.hs-adpt/jre/lib/resources.jar:/Users/darren.bell/.sdkman/candidates/java/8.0.292.hs-adpt/jre/lib/rt.jar:/Users/darren.bell/.sdkman/candidates/java/8.0.292.hs-adpt/jre/lib/sunrsasign.jar:/Users/darren.bell/.sdkman/candidates/java/8.0.292.hs-adpt/jre/lib/jsse.jar:/Users/darren.bell/.sdkman/candidates/java/8.0.292.hs-adpt/jre/lib/jce.jar:/Users/darren.bell/.sdkman/candidates/java/8.0.292.hs-adpt/jre/lib/charsets.jar:/Users/darren.bell/.sdkman/candidates/java/8.0.292.hs-adpt/jre/lib/jfr.jar:/Users/darren.bell/.sdkman/candidates/java/8.0.292.hs-adpt/jre/classes"/>
    <property name="sun.management.compiler" value="HotSpot 64-Bit Tiered Compilers"/>
    <property name="ftp.nonProxyHosts" value="local|*.local|169.254/16|*.169.254/16"/>
    <property name="java.runtime.version" value="1.8.0_292-b10"/>
    <property name="user.name" value="darren.bell"/>
    <property name="path.separator" value=":"/>
    <property name="os.version" value="10.16"/>
    <property name="java.endorsed.dirs" value="/Users/darren.bell/.sdkman/candidates/java/8.0.292.hs-adpt/jre/lib/endorsed"/>
    <property name="java.runtime.name" value="OpenJDK Runtime Environment"/>
    <property name="file.encoding" value="UTF-8"/>
    <property name="java.vm.name" value="OpenJDK 64-Bit Server VM"/>
    <property name="localRepository" value="/Users/darren.bell/.m2/repository"/>
    <property name="java.vendor.url.bug" value="https://github.com/AdoptOpenJDK/openjdk-support/issues"/>
    <property name="java.io.tmpdir" value="/var/folders/_7/1n6knnh53gv7dzkvsv91klzr0000gp/T/"/>
    <property name="java.version" value="1.8.0_292"/>
    <property name="user.dir" value="/Users/darren.bell/dev/my/github/repos/stl4j"/>
    <property name="os.arch" value="x86_64"/>
    <property name="java.vm.specification.name" value="Java Virtual Machine Specification"/>
    <property name="java.awt.printerjob" value="sun.lwawt.macosx.CPrinterJob"/>
    <property name="sun.os.patch.level" value="unknown"/>
    <property name="java.library.path" value="/Users/darren.bell/Library/Java/Extensions:/Library/Java/Extensions:/Network/Library/Java/Extensions:/System/Library/Java/Extensions:/usr/lib/java:."/>
    <property name="java.vm.info" value="mixed mode"/>
    <property name="java.vendor" value="AdoptOpenJDK"/>
    <property name="java.vm.version" value="25.292-b10"/>
    <property name="java.ext.dirs" value="/Users/darren.bell/Library/Java/Extensions:/Users/darren.bell/.sdkman/candidates/java/8.0.292.hs-adpt/jre/lib/ext:/Library/Java/Extensions:/Network/Library/Java/Extensions:/System/Library/Java/Extensions:/usr/lib/java"/>
    <property name="sun.io.unicode.encoding" value="UnicodeBig"/>
    <property name="java.class.version" value="52.0"/>
    <property name="socksNonProxyHosts" value="local|*.local|169.254/16|*.169.254/16"/>
  </properties>
  <testcase name="test_insert_tuple1_return_tuple5" classname="uk.aspyr.stl4j.Tuple4Test" time="0.001"/>
  <testcase name="test_tuple_equality" classname="uk.aspyr.stl4j.Tuple4Test" time="0.047"/>
  <testcase name="test_insert_tuple4_return_tuple8" classname="uk.aspyr.stl4j.Tuple4Test" time="0.001"/>
  <testcase name="test_remove_items" classname="uk.aspyr.stl4j.Tuple4Test" time="0.001"/>
  <testcase name="test_Tuple1_iterable_index" classname="uk.aspyr.stl4j.Tuple4Test" time="0.001"/>
  <testcase name="test_create_from_array" classname="uk.aspyr.stl4j.Tuple4Test" time="0.001"/>
  <testcase name="test_insert_tuple2_return_tuple6" classname="uk.aspyr.stl4j.Tuple4Test" time="0.001"/>
  <testcase name="test_insert_tuple5_return_tuple9" classname="uk.aspyr.stl4j.Tuple4Test" time="0.001"/>
  <testcase name="test_create_with_values" classname="uk.aspyr.stl4j.Tuple4Test" time="0"/>
  <testcase name="test_insert_tuple6_return_tuple10" classname="uk.aspyr.stl4j.Tuple4Test" time="0.001"/>
  <testcase name="test_set_items" classname="uk.aspyr.stl4j.Tuple4Test" time="0.001"/>
  <testcase name="test_insert_tuple3_return_tuple7" classname="uk.aspyr.stl4j.Tuple4Test" time="0.001"/>
  <testcase name="test_create_from_iterable" classname="uk.aspyr.stl4j.Tuple4Test" time="0.001"/>
</testsuite>